<?xml version="1.0" encoding="UTF-8"?>
<!-- Generated by org.testng.reporters.JUnitReportReporter -->
<testsuite name="AndroidInstaller.dongman.apkInstallTest" tests="1" time="131.824" ignored="0" failures="0" timestamp="09 Oct 2018 06:04:22 GMT" skipped="0" hostname="jiapengdeMacBook-Pro.local" errors="0">
  <testcase name="androidApkCheck" time="131.824" classname="AndroidInstaller.dongman.apkInstallTest"/>
</testsuite> <!-- AndroidInstaller.dongman.apkInstallTest -->
