<?xml version="1.0" encoding="UTF-8"?>
<!-- Generated by org.testng.reporters.JUnitReportReporter -->
<testsuite name="AndroidInstaller.dongman.apkInstallTest" tests="1" time="127.026" ignored="0" failures="0" timestamp="09 Oct 2018 04:05:05 GMT" skipped="0" hostname="jiapengdeMacBook-Pro.local" errors="0">
  <testcase name="androidApkCheck" time="127.026" classname="AndroidInstaller.dongman.apkInstallTest"/>
</testsuite> <!-- AndroidInstaller.dongman.apkInstallTest -->
